<?xml version="1.0" encoding="UTF-8"?>
<testsuite xmlns:xsi="http://www.w3.org/2001/XMLSchema-instance" xsi:noNamespaceSchemaLocation="https://maven.apache.org/surefire/maven-surefire-plugin/xsd/surefire-test-report-3.0.xsd" version="3.0" name="com.frontend_test_automation.lv.runner.TestRunner" time="4.68" tests="1" errors="0" skipped="0" failures="0">
  <properties>
[...]
</properties>
  <testcase name="Add all products to cart and checkout" classname="Product Management" time="4.353">
    <system-out><![CDATA[
@ProductManagement @Smoke
Scenario Outline: Add all products to cart and checkout                               &amp#27;[90m# src/test/resources/features/ProductManagement.feature:25&amp#27;[0m
  &amp#27;[32mGiven &amp#27;[0m&amp#27;[32mI am logged in with valid &amp#27;[0m&amp#27;[32m&amp#27;[1m'standard_user'&amp#27;[0m&amp#27;[32m and &amp#27;[0m&amp#27;[32m&amp#27;[1m'secret_sauce'&amp#27;[0m                  &amp#27;[90m# com.frontend_test_automation.lv.steps.ProductManagementSteps.i_am_logged_in_with_valid_username_and_password(java.lang.String,java.lang.String)&amp#27;[0m
  &amp#27;[32mWhen &amp#27;[0m&amp#27;[32mI add all products to the cart&amp#27;[0m                                                 &amp#27;[90m# com.frontend_test_automation.lv.steps.ProductManagementSteps.i_add_all_products_to_the_cart()&amp#27;[0m
  &amp#27;[32mThen &amp#27;[0m&amp#27;[32mI can see in cart badge same value as quantity of products listed on home-page&amp#27;[0m &amp#27;[90m# com.frontend_test_automation.lv.steps.ProductManagementSteps.i_can_see_in_cart_badge_same_value_as_quantity_of_products_listed_on_home_page()&amp#27;[0m
  &amp#27;[32mAnd &amp#27;[0m&amp#27;[32mI click on cart button&amp#27;[0m                                                          &amp#27;[90m# com.frontend_test_automation.lv.steps.ProductManagementSteps.i_click_on_cart_button()&amp#27;[0m
  &amp#27;[32mThen &amp#27;[0m&amp#27;[32mI am redirected to cart-page&amp#27;[0m                                                   &amp#27;[90m# com.frontend_test_automation.lv.steps.ProductManagementSteps.i_am_redirected_to_cart_page()&amp#27;[0m
  &amp#27;[32mAnd &amp#27;[0m&amp#27;[32mI can see all products from home-page listed in the cart&amp#27;[0m                        &amp#27;[90m# com.frontend_test_automation.lv.steps.ProductManagementSteps.i_can_see_all_products_from_home_page_listed_in_the_cart()&amp#27;[0m
  &amp#27;[32mAnd &amp#27;[0m&amp#27;[32mI proceed to checkout and fill personal information: &amp#27;[0m&amp#27;[32m&amp#27;[1m'd'&amp#27;[0m&amp#27;[32m, &amp#27;[0m&amp#27;[32m&amp#27;[1m'd'&amp#27;[0m&amp#27;[32m, &amp#27;[0m&amp#27;[32m&amp#27;[1m'd'&amp#27;[0m              &amp#27;[90m# com.frontend_test_automation.lv.steps.ProductManagementSteps.i_proceed_to_checkout_and_fill_personal_information(java.lang.String,java.lang.String,java.lang.String)&amp#27;[0m
  &amp#27;[32mAnd &amp#27;[0m&amp#27;[32mI click on continue button&amp#27;[0m                                                      &amp#27;[90m# com.frontend_test_automation.lv.steps.ProductManagementSteps.i_click_on_continue_button()&amp#27;[0m
  &amp#27;[32mThen &amp#27;[0m&amp#27;[32mI am redirected to checkout overview page&amp#27;[0m                                      &amp#27;[90m# com.frontend_test_automation.lv.steps.ProductManagementSteps.iAmRedirectedToCheckoutOverviewPage()&amp#27;[0m
  &amp#27;[32mAnd &amp#27;[0m&amp#27;[32mI verify the prices&amp#27;[0m                                                             &amp#27;[90m# com.frontend_test_automation.lv.steps.ProductManagementSteps.i_verify_the_prices_and_complete_the_purchase()&amp#27;[0m
  &amp#27;[32mAnd &amp#27;[0m&amp#27;[32mI click on finish button&amp#27;[0m                                                        &amp#27;[90m# com.frontend_test_automation.lv.steps.ProductManagementSteps.iClickOnFinishButton()&amp#27;[0m
  &amp#27;[32mThen &amp#27;[0m&amp#27;[32mI am redirected to checkout complete page&amp#27;[0m                                      &amp#27;[90m# com.frontend_test_automation.lv.steps.ProductManagementSteps.i_am_redirected_to_checkout_complete_page()&amp#27;[0m
  &amp#27;[32mAnd &amp#27;[0m&amp#27;[32mI click on back to home page&amp#27;[0m                                                    &amp#27;[90m# com.frontend_test_automation.lv.steps.ProductManagementSteps.i_click_on_back_to_home_page()&amp#27;[0m
  &amp#27;[32mThen &amp#27;[0m&amp#27;[32mcart is empty&amp#27;[0m                                                                  &amp#27;[90m# com.frontend_test_automation.lv.steps.ProductManagementSteps.cart_is_empty()&amp#27;[0m
]]></system-out>
  </testcase>
</testsuite>